#
#    TALYS-1.8 (Version: December 28, 2015)
#
# Copyright (C) 2015  A.J. Koning, S. Hilaire and S. Goriely      
#                         NRG          CEA          ULB    
#
# Dimensions - Cross sections: mb, Energies: MeV, Angles: degrees
#
# ########## USER INPUT ##########
#
# USER INPUT FILE
#
# projectile a                                                                    
# element ar                                                                      
# mass 34                                                                         
# energy 6.5224                                                                   
# nlevels 19 37 91                                                                
# outdiscrete y                                                                   
#
# USER INPUT FILE + DEFAULTS
#
# Keyword           Value   Variable     Explanation
#
# #
# # Four main keywords
# #
# projectile          a     ptype0       type of incident particle
# element            Ar     Starget      symbol of target nucleus
# mass               34     mass         mass number of target nucleus
# energy              6.522 eninc        incident energy in MeV
# #
# # Basic physical and numerical parameters
# #
# ejectiles g n p d t h a   outtype      outgoing particles
# maxz               12     maxZ         maximal number of protons away from the initial compound nucleus
# maxn               15     maxN         maximal number of neutrons away from the initial compound nucleus
# bins               40     nbins        number of continuum excitation energy bins
# equidistant         n     flagequi     flag to use equidistant excitation bins instead of logarithmic bins
# popmev              n     flagpopmev   flag to use initial population per MeV instead of histograms
# segment             1     segment      number of segments to divide emission energy grid
# maxlevelstar       30     nlevmax      maximum number of included discrete levels for target
# maxlevelsres       10     nlevmaxres   maximum number of included discrete levels for residual nucleus
# maxlevelsbin g     10     nlevbin      maximum number of included discrete levels for gamma    channel
# maxlevelsbin n     10     nlevbin      maximum number of included discrete levels for neutron  channel
# maxlevelsbin p     10     nlevbin      maximum number of included discrete levels for proton   channel
# maxlevelsbin d      5     nlevbin      maximum number of included discrete levels for deuteron channel
# maxlevelsbin t      5     nlevbin      maximum number of included discrete levels for triton   channel
# maxlevelsbin h      5     nlevbin      maximum number of included discrete levels for helium-3 channel
# maxlevelsbin a     30     nlevbin      maximum number of included discrete levels for alpha    channel
# ltarget             0     ltarget      excited level of target
# isomer           1.00E+00 isomer       definition of isomer in seconds
# transpower          5     transpower   power for transmission coefficient limit
# transeps         1.00E-08 transeps     limit for transmission coefficient
# xseps            1.00E-07 xseps        limit for cross sections
# popeps           1.00E-03 popeps       limit for population cross section per nucleus
# Rfiseps          1.00E-03 Rfiseps      ratio for limit for fission cross section per nucleus
# elow             1.00E-06 elow         minimal incident energy for nuclear model calculations
# angles             90     nangle       number of angles
# anglescont         18     nanglecont   number of angles for continuum
# anglesrec           1     nanglerec    number of recoil angles
# maxenrec           20     maxenrec     number of recoil energies
# channels            n     flagchannels flag for exclusive channels calculation
# maxchannel          4     maxchannel   maximal number of outgoing particles in individual channel description
# micro               n     flagmicro    flag for completely microscopic Talys calculation
# best                n     flagbest     flag to use best set of adjusted parameters
# bestbranch          y     flagbestbr   flag to use flag to use only best set of branching ratios
# bestend             n     flagbestend  flag to put best set of parameters at end of input file
# relativistic        y     flagrel      flag for relativistic kinematics
# recoil              n     flagrecoil   flag for calculation of recoils
# labddx              n     flaglabddx   flag for calculation of DDX in LAB system
# recoilaverage       n     flagrecoilav flag for average velocity in recoil calculation
# channelenergy       n     flagEchannel flag for channel energy for emission spectrum
# reaction            y     flagreaction flag for calculation of nuclear reactions
# astro               n     flagastro    flag for calculation of astrophysics reaction rate
# astrogs             n     flagastrogs  flag for calculation of astrophysics reaction rate with target in ground state only
# massmodel           2     massmodel    model for theoretical nuclear mass
# expmass             y     flagexpmass  flag for using experimental nuclear mass if available
# disctable           1     disctable    table with discrete levels
# production          n     flagprod     flag for isotope production
# outfy               n     flagoutfy    flag for output detailed fission yield calculation
# gefran          50000     gefran       number of random events for GEF calculation
# Estop            1000.000 Estop        incident energy above which TALYS stops
# rpevap              n     flagrpevap   flag for evaporation of residual products at high incident energies
# maxZrp             12     maxZrp       maximal number of protons away from the initial compound nucleus before residual evaporation
# maxNrp             32     maxNrp       maximal number of neutons away from the initial compound nucleus before residual evaporation
# #
# # Optical model
# #
# localomp            y     flaglocalomp flag for local (y) or global (n) optical model
# dispersion          n     flagdisp     flag for dispersive optical model
# jlmomp              n     flagjlm      flag for using semi-microscopic JLM OMP
# optmodall           n     flagompall   flag for new optical model calculation for all residual nuclei
# incadjust           y     flagincadj   flag for OMP adjustment on incident channel also
# omponly             n     flagomponly  flag to execute ONLY an optical model calculation
# autorot             n     flagautorot  flag for automatic rotational coupled channels calculations for A > 150
# spherical           y     flagspher    flag to force spherical optical model
# coulomb             y     flagcoulomb  flag for Coulomb excitation calculation with ECIS
# statepot            n     flagstate    flag for optical model potential for each excited state
# maxband             0     maxband      highest vibrational band added to rotational model
# maxrot              2     maxrot       number of included excited rotational levels
# sysreaction               sysreaction  particles with reaction cross section from systematics
# rotational                rotational   particles with possible rotational optical model
# core               -1     core         even-even core for weakcoupling (-1 or 1)
# ecissave            n     flagecissave flag for saving ECIS input and output files
# eciscalc            y     flageciscalc flag for new ECIS calculation for outgoing particles and energy grid
# inccalc             y     flaginccalc  flag for new ECIS calculation for incident channel
# endfecis            y     flagendfecis flag for new ECIS calculation for ENDF-6 files
# radialmodel         2     radialmodel  model for radial matter densities (JLM OMP only)
# jlmmode             0     jlmmode      option for JLM imaginary potential normalization
# alphaomp            6     alphaomp     alpha optical model (1=normal, 2= McFadden-Satchler, 3-5= folding potential, 6,8= Avrigeanu, 7=Nolte)
# deuteronomp         1     deuteronomp  deuteron optical model (1=normal, 2=Daehnick, 3=Bojowald, 4=Han-Shi-Shen, 5=An-Cai)
# #
# # Compound nucleus
# #
# widthfluc           y     flagwidth    flag for width fluctuation calculation
# widthmode           1     wmode        designator for width fluctuation model
# compound            y     flagcomp     flag for compound nucleus model
# fullhf              n     flagfullhf   flag for full spin dependence of transmission coefficients
# eciscompound        n     flageciscomp flag for compound nucleus calculation by ECIS
# cpang               n     flagcpang    flag for compound angular distribution calculation for incident charged particles
# urr                 n     flagurr      flag for URR calculation
# urrnjoy             n     flagurrnjoy  flag for normalization of URR parameters with NJOY method
# lurr                2     lurr         maximal orbital angular momentum for URR
# #
# # Gamma emission
# #
# gammax              2     gammax       number of l-values for gamma multipolarity
# strength            1     strength     model for E1 gamma-ray strength function
# strengthM1          2     strengthM1   model for M1 gamma-ray strength function
# electronconv        y     flagelectron flag for application of electron conversion coefficient
# racap               n     flagracap    flag for radiative capture model
# ldmodelracap        1     ldmodelracap level density model for direct radiative capture
# #
# # Pre-equilibrium
# #
# preequilibrium      n     flagpreeq    flag for pre-equilibrium calculation
# preeqmode           2     preeqmode    designator for pre-equilibrium model
# multipreeq          n     flagmulpre   flag for multiple pre-equilibrium calculation
# mpreeqmode          2     mpreeqmode   designator for multiple pre-equilibrium model
# breakupmodel        1     breakupmodel model for break-up reaction: 1. Kalbach 2. Avrigeanu
# phmodel             1     phmodel      particle-hole state density model
# pairmodel           2     pairmodel    designator for pre-equilibrium pairing model
# preeqspin           2     pespinmodel  model for pre-equilibrium spin distribution
# giantresonance      n     flaggiant    flag for collective contribution from giant resonances
# preeqsurface        y     flagsurface  flag for surface effects in exciton model
# preeqcomplex        y     flagpecomp   flag for Kalbach complex particle emission model
# twocomponent        y     flag2comp    flag for two-component pre-equilibrium model
# ecisdwba            y     flagecisdwba flag for new ECIS calculation for DWBA for MSD
# onestep             n     flagonestep  flag for continuum one-step direct only
# #
# # Level densities
# #
# ldmodel             1     ldmodelall   level density model
# shellmodel          1     shellmodel   model for shell correction energies
# kvibmodel           2     kvibmodel    model for vibrational enhancement
# spincutmodel        1     spincutmodel model for spin cutoff factor for ground state
# asys                n     flagasys     flag for all level density parameters a from systematics
# parity              n     flagparity   flag for non-equal parity distribution
# colenhance          n     flagcolall   flag for collective enahncement of level density for all nuclides
# ctmglobal           n     flagctmglob  flag for global CTM model (no discrete level info)
# gshell              n     flaggshell   flag for energy dependence of single particle level density parameter g
# #
# # Fission
# #
# fission             n     flagfission  flag for fission
# fismodel            1     fismodel     fission model
# fismodelalt         4     fismodelalt  alternative fission model for default barriers
# hbstate             y     flaghbstate  flag for head band states in fission
# class2              y     flagclass2   flag for class2 states in fission
# massdis             n     flagmassdis  flag for calculation of fission fragment mass yields
# ffevaporation       y     flagffevap   flag for calculation of particle evaporation from fission fragment mass yields
# fisfeed             n     flagfisfeed  flag for output of fission per excitation bin
# fymodel             2     fymodel      fission yield model, 1: Brosa 2: GEF
# ffspin              n     flagffspin   flag to use spin distribution in initial FF population
# #
# # Output
# #
# outmain             y     flagmain     flag for main output
# outbasic            n     flagbasic    flag for output of basic information and results
# outpopulation       n     flagpop      flag for output of population
# outcheck            n     flagcheck    flag for output of numerical checks
# outlevels           n     flaglevels   flag for output of discrete level information
# outdensity          n     flagdensity  flag for output of level densities
# outomp              n     flagoutomp   flag for output of optical model parameters
# outdirect           n     flagdirect   flag for output of direct reaction results
# outinverse          n     flaginverse  flag for output of transmission coefficients and inverse reaction cross sections
# outtransenergy      y     flagtransen  flag for output of transmission coefficients per energy
# outecis             n     flagoutecis  flag for output of ECIS results
# outgamma            n     flaggamma    flag for output of gamma-ray information
# outpreequilibrium   n     flagpeout    flag for output of pre-equilibrium results 
# outfission          n     flagfisout   flag for output of fission information
# outdiscrete         y     flagdisc     flag for output of discrete state cross sections
# outspectra          n     flagspec     flag for output of double-differential cross sections
# outbinspectra       n     flagbinspec  flag for output of emission spectrum per excitation bin
# resonance           n     flagres      flag for output of low energy resonance cross sections
# group               n     flaggroup    flag for output of low energy groupwise cross sections
# addiscrete          y     flagadd      flag for addition of discrete states to spectra
# addelastic          y     flagaddel    flag for addition of elastic peak to spectra
# outangle            n     flagang      flag for output of angular distributions
# outlegendre         n     flaglegendre flag for output of Legendre coefficients
# ddxmode             0     ddxmode      mode for double-differential cross sections
# outdwba             n     flagoutdwba  flag for output of DWBA cross sections for MSD
# outgamdis           n     flaggamdis   flag for output of discrete gamma-ray intensities
# outexcitation       n     flagexc      flag for output of excitation functions
# components          n     flagcompo    flag for output of cross section components
# endf                n     flagendf     flag for information for ENDF-6 file
# endfdetail          n     flagendfdet  flag for detailed ENDF-6 information per channel
# sacs                n     flagsacs     flag for statistical analysis of cross sections
# partable            n     flagpartable flag for output of model parameters on separate file
#
# ########## BASIC REACTION PARAMETERS ##########
#
# Projectile           : alpha       Mass in a.m.u.      :   4.002603
# Target               :  34Ar       Mass in a.m.u.      :  33.980270
#
# Included channels:
#                     gamma   
#                     neutron 
#                     proton  
#                     deuteron
#                     triton  
#                     helium-3
#                     alpha   
#
# 1 incident energy (LAB):
#
#      6.522
#
# Q-values for binary reactions:
#
# Q(a,g):  6.10512
# Q(a,n):-10.88864
# Q(a,p):  1.55785
# Q(a,d):-11.67204
# Q(a,t):-19.73029
# Q(a,h): -7.83717
# Q(a,a):  0.00000
#
# ########## RESULTS FOR E=  6.52240 ##########
#
# Energy dependent input flags
#
# Width fluctuations (flagwidth)            : y
# Unresolved resonance parameters (flagurr) : n
# Preequilibrium (flagpreeq)                : n
# Multiple preequilibrium (flagmulpre)      : n
# Number of continuum excitation energy bins: 40
#
# ########### REACTION SUMMARY FOR E=  6.52240 ###########
#
# Center-of-mass energy:   5.835
#
# 1. Total (binary) cross sections
#
#   Reaction        = 8.98905E+01
#     Compound elastic= 3.79827E+00
#     Non-elastic     = 8.60922E+01
#       Direct          = 9.62233E-03
#       Pre-equilibrium = 0.00000E+00
#       Compound non-el = 8.60826E+01
#
# 2. Binary non-elastic cross sections (non-exclusive)
#
# gamma   = 9.20315E-04
# neutron = 0.00000E+00
# proton  = 8.60694E+01
# deuteron= 0.00000E+00
# triton  = 0.00000E+00
# helium-3= 0.00000E+00
# alpha   = 2.19420E-02
#
# 3. Total particle production cross sections
#
# gamma   = 9.20315E-04    Multiplicity= 1.06899E-05
# neutron = 0.00000E+00    Multiplicity= 0.00000E+00
# proton  = 8.60694E+01    Multiplicity= 9.99735E-01
# deuteron= 0.00000E+00    Multiplicity= 0.00000E+00
# triton  = 0.00000E+00    Multiplicity= 0.00000E+00
# helium-3= 0.00000E+00    Multiplicity= 0.00000E+00
# alpha   = 2.19420E-02    Multiplicity= 2.54866E-04
#
# 4. Residual production cross sections
#
#   a. Per isotope
#
#   Z   A  nuclide    total     level   isomeric    isomeric    lifetime
#                 cross section       cross section  ratio
#
#   20  38 ( 38Ca) 1.00000E-07    0    3.03717E-04  0.00000
#   19  37 ( 37K ) 8.60694E+01    0    8.60694E+01  1.00000
#   18  34 ( 34Ar) 2.19420E-02    0    2.19420E-02  1.00000
#
#   b. Per mass
#
#   A  cross section
#
#   37 8.60694E+01
#   34 2.19420E-02
#
# Total residual production cross section:    86.09135
# Non-elastic cross section              :    86.09223
#
# 5. Binary reactions to discrete levels and continuum
#
#   (a,g)   cross sections:
#
# Inclusive:
#
# Level Energy    E-out     J/P       Direct    Compound      Total     Origin
#
#  0   0.00000  11.93971    0.0+     0.00000     0.00030     0.00030          
#  1   2.21313   9.72658    2.0+     0.00000     0.00016     0.00016          
#  2   3.08366   8.85605    0.0+     0.00000     0.00003     0.00003          
#  3   3.68370   8.25601    2.0+     0.00000     0.00005     0.00005          
#  4   3.70335   8.23636    3.0-     0.00000     0.00004     0.00004          
#  5   4.19320   7.74651    5.0-     0.00000     0.00001     0.00001          
#  6   4.38370   7.55601    2.0+     0.00000     0.00003     0.00003          
#  7   4.39000   7.54971    5.0-     0.00000     0.00001     0.00001          
#  8   4.74800   7.19171    0.0+     0.00000     0.00001     0.00001          
#  9   4.86000   7.07971    3.0-     0.00000     0.00002     0.00002          
# 10   4.89900   7.04071    2.0+     0.00000     0.00002     0.00002          
#                                  ---------   ---------   ---------
# Discrete    (a,g)  :               0.00000     0.00068     0.00068
# Continuum   (a,g)  :               0.00000     0.00024     0.00024
#                                  ---------   ---------   ---------
# Total       (a,g)  :               0.00000     0.00092     0.00092
#
#
#   (a,p)   cross sections:
#
# Inclusive:
#
# Level Energy    E-out     J/P       Direct    Compound      Total     Origin
#
  0   0.00000   7.39244    1.5+     0.00000     9.40052     9.40052          
  1   1.37085   6.02159    0.5+     0.00000     5.13238     5.13238          
  2   1.38025   6.01219    3.5-     0.00000     5.59778     5.59778          
  3   2.17018   5.22226    1.5-     0.00000     6.27726     6.27726          
  4   2.28524   5.10720    2.5+     0.00000     5.15889     5.15889          
  5   2.75022   4.64222    2.5+     0.00000     4.27412     4.27412          
  6   2.96700   4.42544    4.5+     0.00000     1.95503     1.95503          
  7   3.08199   4.31045    2.5-     0.00000     3.90446     3.90446          
  8   3.23950   4.15294    2.5+     0.00000     3.40053     3.40053          
  9   3.27200   4.12044    0.5-     0.00000     3.11668     3.11668          
 10   3.31500   4.07744    1.5-     0.00000     4.30552     4.30552          
 11   3.62280   3.76964    1.5+     0.00000     3.00827     3.00827          
 12   3.83900   3.55344    0.5+     0.00000     2.10858     2.10858          
 13   3.85300   3.53944    3.5-     0.00000     1.96818     1.96818          
 14   3.90000   3.49244    5.5-     0.00000     0.76373     0.76373          
 15   3.96200   3.43044    3.5-     0.00000     1.81587     1.81587          
 16   4.00100   3.39144    0.5-     0.00000     2.05928     2.05928          
 17   4.01800   3.37444    1.5+     0.00000     2.27257     2.27257          
 18   4.12700   3.26544    4.5+     0.00000     0.91512     0.91512          
 19   4.19200   3.20044    1.5+     0.00000     1.93958     1.93958          
 20   4.28100   3.11144    2.5-     0.00000     1.76481     1.76481          
 21   4.41280   2.97964    2.5+     0.00000     1.36189     1.36189          
 22   4.42290   2.96954    3.5+     0.00000     0.86235     0.86235          
 23   4.43260   2.95984    1.5+     0.00000     1.48307     1.48307          
 24   4.50000   2.89244    0.5+     0.00000     1.09033     1.09033          
 25   4.58300   2.80944    0.5-     0.00000     1.09530     1.09530          
 26   4.66960   2.72284    1.5+     0.00000     1.06284     1.06284          
 27   4.69200   2.70044    3.5+     0.00000     0.58501     0.58501          
 28   4.72100   2.67144    3.5+     0.00000     0.55767     0.55767          
 29   4.73220   2.66024    3.5+     0.00000     0.54728     0.54728          
 30   4.73790   2.65454    3.5-     0.00000     0.74940     0.74940          
 31   4.81480   2.57764    2.5+     0.00000     0.74860     0.74860          
 32   4.84260   2.54984    2.5+     0.00000     0.71160     0.71160          
 33   5.01890   2.37354    1.5+     0.00000     0.55405     0.55405          
 34   5.04980   2.34264    1.5+     0.00000     0.51730     0.51730          
 35   5.12020   2.27224    0.5+     0.00000     0.34737     0.34737          
 36   5.13400   2.25844    2.5-     0.00000     0.42214     0.42214          
 37   5.20700   2.18544    4.5-     0.00000     0.14760     0.14760          
 38   5.26400   2.12844    1.5-     0.00000     0.40345     0.40345          
 39   5.32300   2.06944    0.5-     0.00000     0.22957     0.22957          
 40   5.34200   2.05044    2.5-     0.00000     0.24052     0.24052          
 41   5.35700   2.03544    1.5-     0.00000     0.30936     0.30936          
 42   5.42200   1.97044    6.5-     0.00000     0.04959     0.04959          
 43   5.45600   1.93644    0.5+     0.00000     0.13393     0.13393          
 44   5.47800   1.91444    2.5-     0.00000     0.15615     0.15615          
 45   5.56800   1.82444    2.5-     0.00000     0.11377     0.11377          
 46   5.62410   1.76834    1.5-     0.00000     0.12516     0.12516          
 47   5.69000   1.70244    4.5-     0.00000     0.02998     0.02998          
 48   5.71400   1.67844    1.5-     0.00000     0.08724     0.08724          
 49   5.73600   1.65644    0.5-     0.00000     0.05259     0.05259          
 50   5.78800   1.60444    1.5+     0.00000     0.04715     0.04715          
 51   5.93200   1.46044    2.5+     0.00000     0.02153     0.02153          
 52   6.01490   1.37754    2.5+     0.00000     0.01367     0.01367          
 53   6.04700   1.34544    0.5-     0.00000     0.01088     0.01088          
 54   6.05400   1.33844    0.5+     0.00000     0.00936     0.00936          
 55   6.09230   1.30014    0.5+     0.00000     0.00737     0.00737          
 56   6.11100   1.28144    1.5-     0.00000     0.01110     0.01110          
 57   6.12500   1.26744    2.5+     0.00000     0.00700     0.00700          
 58   6.13800   1.25444    3.5-     0.00000     0.00569     0.00569          
 59   6.15300   1.23944    1.5-     0.00000     0.00843     0.00843          
 60   6.22300   1.16944    5.5-     0.00000     0.00134     0.00134          
 61   6.23700   1.15544    4.5-     0.00000     0.00143     0.00143          
 62   6.27400   1.11844    1.5+     0.00000     0.00261     0.00261          
 63   6.32300   1.06944    2.5+     0.00000     0.00162     0.00162          
 64   6.34500   1.04744    3.5-     0.00000     0.00119     0.00119          
 65   6.37100   1.02144    1.5-     0.00000     0.00153     0.00153          
 66   6.41500   0.97744    0.5+     0.00000     0.00061     0.00061          
 67   6.43200   0.96044    2.5-     0.00000     0.00063     0.00063          
 68   6.45200   0.94044    7.5+     0.00000     0.00075     0.00075          
 69   6.48000   0.91244    1.5-     0.00000     0.00052     0.00052          
 70   6.53400   0.85844    1.5-     0.00000     0.00029     0.00029          
 71   6.54300   0.84944    3.5+     0.00000     0.00011     0.00011          
 72   6.60400   0.78844    1.5+     0.00000     0.00009     0.00009          
 73   6.61900   0.77344    2.5+     0.00000     0.00007     0.00007          
 74   6.62600   0.76644    2.5-     0.00000     0.00007     0.00007          
 75   6.68300   0.70944    0.5+     0.00000     0.00002     0.00002          
 76   6.68560   0.70684    0.5+     0.00000     0.00002     0.00002          
 77   6.71400   0.67844    1.5-     0.00000     0.00002     0.00002          
 78   6.72600   0.66644    3.5-     0.00000     0.00001     0.00001          
 79   6.74800   0.64444    0.5+     0.00000     0.00001     0.00001          
 80   6.80200   0.59044    4.5-     0.00000     0.00000     0.00000          
 81   6.82400   0.56844    0.5-     0.00000     0.00000     0.00000          
 82   6.86600   0.52644    2.5+     0.00000     0.00000     0.00000          
 83   6.91200   0.48044    1.5-     0.00000     0.00000     0.00000          
 84   6.97400   0.41844    2.5+     0.00000     0.00000     0.00000          
 85   7.00600   0.38644    3.5-     0.00000     0.00000     0.00000          
 86   7.07300   0.31944    1.5+     0.00000     0.00000     0.00000          
 87   7.18300   0.20944    2.5+     0.00000     0.00000     0.00000          
 88   7.23700   0.15544    1.5+     0.00000     0.00000     0.00000          
 89   7.32000   0.07244    3.5-     0.00000     0.00000     0.00000          
 90   7.36900   0.02344    2.5+     0.00000     0.00000     0.00000          
# 91   7.47380  -0.08136    2.5+     0.00000     0.00000     0.00000          
#                                  ---------   ---------   ---------
# Discrete    (a,p)  :               0.00000    86.06940    86.06940
# Continuum   (a,p)  :               0.00000     0.00000     0.00000
#                                  ---------   ---------   ---------
# Total       (a,p)  :               0.00000    86.06940    86.06941
#
# (a,gp) cross section:     0.00000
#
# Inelastic cross sections:
#
# Inclusive:
#
# Level Energy    E-out     J/P       Direct    Compound      Total     Origin
#
#  1   2.09110   3.74349    2.0+     0.00962     0.01230     0.02192    Direct
#  2   3.28770   2.54689    2.0+     0.00000     0.00002     0.00002    Direct
#  3   3.87300   1.96159    0.0+     0.00000     0.00000     0.00000          
#  4   4.05000   1.78459    1.0-     0.00000     0.00000     0.00000    Direct
#  5   4.12780   1.70679    3.0+     0.00000     0.00000     0.00000          
#  6   4.51320   1.32139    3.0-     0.00000     0.00000     0.00000    Direct
#  7   4.63100   1.20359    1.0-     0.00000     0.00000     0.00000    Direct
#  8   4.86500   0.96959    4.0-     0.00000     0.00000     0.00000          
#  9   4.96700   0.86759    0.0+     0.00000     0.00000     0.00000          
# 10   5.25500   0.57959    2.0-     0.00000     0.00000     0.00000          
# 11   5.30700   0.52759    5.0-     0.00000     0.00000     0.00000    Direct
# 12   5.54200   0.29259    1.0+     0.00000     0.00000     0.00000          
# 13   5.62000   0.21459    2.0+     0.00000     0.00000     0.00000          
# 14   5.90900  -0.07441    0.0+     0.00000     0.00000     0.00000          
# 15   6.07400  -0.23941    2.0+     0.00000     0.00000     0.00000          
# 16   6.52500  -0.69041    2.0+     0.00000     0.00000     0.00000          
# 17   6.79400  -0.95941    1.0-     0.00000     0.00000     0.00000          
# 18   6.99000  -1.15541    3.0-     0.00000     0.00000     0.00000          
# 19   7.32200  -1.48741    2.0+     0.00000     0.00000     0.00000          
# 20   7.49900  -1.66441    2.0+     0.00000     0.00000     0.00000          
# 21   7.92500  -2.09041    1.0-     0.00000     0.00000     0.00000          
# 22   7.92803  -2.09343    1.0+     0.00000     0.00000     0.00000          
# 23   7.93205  -2.09745    3.0-     0.00000     0.00000     0.00000          
# 24   7.97169  -2.13709    0.0+     0.00000     0.00000     0.00000          
# 25   7.97519  -2.14059    3.0+     0.00000     0.00000     0.00000          
# 26   7.99353  -2.15893    2.0-     0.00000     0.00000     0.00000          
# 27   8.01087  -2.17627    4.0+     0.00000     0.00000     0.00000          
# 28   8.04047  -2.20587    5.0-     0.00000     0.00000     0.00000          
# 29   8.04734  -2.21274    1.0+     0.00000     0.00000     0.00000          
# 30   8.04834  -2.21374    3.0-     0.00000     0.00000     0.00000          
#                                  ---------   ---------   ---------
# Discrete  Inelastic:               0.00962     0.01232     0.02194
# Continuum Inelastic:               0.00000     0.00000     0.00000
#                                  ---------   ---------   ---------
# Total     Inelastic:               0.00962     0.01232     0.02194
#
# (a,ga) cross section:     0.00000
#
# Execution time:  0 hours  0 minutes  2.16 seconds 
#
# The TALYS team congratulates you with this successful calculation.
